This file contains any messages produced by compilers while
running configure, to aid debugging if configure makes a mistake.

It was created by live-streamer configure 1.9.5, which was
generated by GNU Autoconf 2.69.  Invocation command line was

  $ ./configure --target=arm-buildroot-linux-uclibcgnueabi --host=arm-buildroot-linux-uclibcgnueabi --build=x86_64-pc-linux-gnu --prefix=/usr --exec-prefix=/usr --sysconfdir=/etc --localstatedir=/var --program-prefix= --with-hi3516cv300

## --------- ##
## Platform. ##
## --------- ##

hostname = 95d0ed9ce158
uname -m = x86_64
uname -r = 5.15.0-41-generic
uname -s = Linux
uname -v = #44-Ubuntu SMP Wed Jun 22 14:20:53 UTC 2022

/usr/bin/uname -p = unknown
/bin/uname -X     = unknown

/bin/arch              = unknown
/usr/bin/arch -k       = unknown
/usr/convex/getsysinfo = unknown
/usr/bin/hostinfo      = unknown
/bin/machine           = unknown
/usr/bin/oslevel       = unknown
/bin/universe          = unknown

PATH: /buildroot/output/host/bin
PATH: /buildroot/output/host/sbin
PATH: /usr/local/sbin
PATH: /usr/local/bin
PATH: /usr/sbin
PATH: /usr/bin
PATH: /sbin
PATH: /bin


## ----------- ##
## Core tests. ##
## ----------- ##

configure:2482: checking for a BSD-compatible install
configure:2550: result: /usr/bin/install -c
configure:2561: checking whether build environment is sane
configure:2616: result: yes
configure:2675: checking for arm-buildroot-linux-uclibcgnueabi-strip
configure:2702: result: arm-buildroot-linux-uclibcgnueabi-strip
configure:2767: checking for a thread-safe mkdir -p
configure:2806: result: /bin/mkdir -p
configure:2813: checking for gawk
configure:2843: result: no
configure:2813: checking for mawk
configure:2829: found /usr/bin/mawk
configure:2840: result: mawk
configure:2851: checking whether make sets $(MAKE)
configure:2873: result: yes
configure:2902: checking whether make supports nested variables
configure:2919: result: yes
configure:3057: checking whether make supports nested variables
configure:3074: result: yes
configure:3094: checking for arm-buildroot-linux-uclibcgnueabi-gcc
configure:3121: result: arm-buildroot-linux-uclibcgnueabi-gcc
configure:3390: checking for C compiler version
configure:3399: arm-buildroot-linux-uclibcgnueabi-gcc --version >&5
arm-buildroot-linux-uclibcgnueabi-gcc.br_real (Buildroot 2018.08.2-g21f88284c) 7.3.0
Copyright (C) 2017 Free Software Foundation, Inc.
This is free software; see the source for copying conditions.  There is NO
warranty; not even for MERCHANTABILITY or FITNESS FOR A PARTICULAR PURPOSE.

configure:3410: $? = 0
configure:3399: arm-buildroot-linux-uclibcgnueabi-gcc -v >&5
Using built-in specs.
COLLECT_GCC=/buildroot/output/host/bin/arm-buildroot-linux-uclibcgnueabi-gcc.br_real
COLLECT_LTO_WRAPPER=/buildroot/output/host/libexec/gcc/arm-buildroot-linux-uclibcgnueabi/7.3.0/lto-wrapper
Target: arm-buildroot-linux-uclibcgnueabi
Configured with: ./configure --prefix=/buildroot/output/host --sysconfdir=/buildroot/output/host/etc --enable-static --target=arm-buildroot-linux-uclibcgnueabi --with-sysroot=/buildroot/output/host/arm-buildroot-linux-uclibcgnueabi/sysroot --disable-__cxa_atexit --with-gnu-ld --disable-libssp --disable-multilib --with-gmp=/buildroot/output/host --with-mpc=/buildroot/output/host --with-mpfr=/buildroot/output/host --with-pkgversion='Buildroot 2018.08.2-g21f88284c' --with-bugurl=http://bugs.buildroot.net/ --disable-libquadmath --disable-libsanitizer --enable-tls --enable-plugins --enable-lto --disable-libmudflap --enable-threads --with-isl=/buildroot/output/host --with-float=soft --disable-decimal-float --with-abi=aapcs-linux --with-cpu=arm926ej-s --with-float=soft --with-mode=arm --enable-languages=c,c++ --with-build-time-tools=/buildroot/output/host/arm-buildroot-linux-uclibcgnueabi/bin --enable-shared --disable-libgomp
Thread model: posix
gcc version 7.3.0 (Buildroot 2018.08.2-g21f88284c) 
configure:3410: $? = 0
configure:3399: arm-buildroot-linux-uclibcgnueabi-gcc -V >&5
arm-buildroot-linux-uclibcgnueabi-gcc.br_real: error: unrecognized command line option '-V'
arm-buildroot-linux-uclibcgnueabi-gcc.br_real: fatal error: no input files
compilation terminated.
configure:3410: $? = 1
configure:3399: arm-buildroot-linux-uclibcgnueabi-gcc -qversion >&5
arm-buildroot-linux-uclibcgnueabi-gcc.br_real: error: unrecognized command line option '-qversion'; did you mean '--version'?
arm-buildroot-linux-uclibcgnueabi-gcc.br_real: fatal error: no input files
compilation terminated.
configure:3410: $? = 1
configure:3430: checking whether the C compiler works
configure:3452: arm-buildroot-linux-uclibcgnueabi-gcc -D_LARGEFILE_SOURCE -D_LARGEFILE64_SOURCE -D_FILE_OFFSET_BITS=64  -Os -g2  -D_LARGEFILE_SOURCE -D_LARGEFILE64_SOURCE -D_FILE_OFFSET_BITS=64  conftest.c  >&5
configure:3456: $? = 0
configure:3504: result: yes
configure:3507: checking for C compiler default output file name
configure:3509: result: a.out
configure:3515: checking for suffix of executables
configure:3522: arm-buildroot-linux-uclibcgnueabi-gcc -o conftest -D_LARGEFILE_SOURCE -D_LARGEFILE64_SOURCE -D_FILE_OFFSET_BITS=64  -Os -g2  -D_LARGEFILE_SOURCE -D_LARGEFILE64_SOURCE -D_FILE_OFFSET_BITS=64  conftest.c  >&5
configure:3526: $? = 0
configure:3548: result: 
configure:3570: checking whether we are cross compiling
configure:3608: result: yes
configure:3613: checking for suffix of object files
configure:3635: arm-buildroot-linux-uclibcgnueabi-gcc -c -D_LARGEFILE_SOURCE -D_LARGEFILE64_SOURCE -D_FILE_OFFSET_BITS=64  -Os -g2  -D_LARGEFILE_SOURCE -D_LARGEFILE64_SOURCE -D_FILE_OFFSET_BITS=64 conftest.c >&5
configure:3639: $? = 0
configure:3660: result: o
configure:3664: checking whether we are using the GNU C compiler
configure:3683: arm-buildroot-linux-uclibcgnueabi-gcc -c -D_LARGEFILE_SOURCE -D_LARGEFILE64_SOURCE -D_FILE_OFFSET_BITS=64  -Os -g2  -D_LARGEFILE_SOURCE -D_LARGEFILE64_SOURCE -D_FILE_OFFSET_BITS=64 conftest.c >&5
configure:3683: $? = 0
configure:3692: result: yes
configure:3701: checking whether arm-buildroot-linux-uclibcgnueabi-gcc accepts -g
configure:3721: arm-buildroot-linux-uclibcgnueabi-gcc -c -g -D_LARGEFILE_SOURCE -D_LARGEFILE64_SOURCE -D_FILE_OFFSET_BITS=64 conftest.c >&5
configure:3721: $? = 0
configure:3762: result: yes
configure:3779: checking for arm-buildroot-linux-uclibcgnueabi-gcc option to accept ISO C89
configure:3842: arm-buildroot-linux-uclibcgnueabi-gcc  -c -D_LARGEFILE_SOURCE -D_LARGEFILE64_SOURCE -D_FILE_OFFSET_BITS=64  -Os -g2  -D_LARGEFILE_SOURCE -D_LARGEFILE64_SOURCE -D_FILE_OFFSET_BITS=64 conftest.c >&5
configure:3842: $? = 0
configure:3855: result: none needed
configure:3880: checking whether arm-buildroot-linux-uclibcgnueabi-gcc understands -c and -o together
configure:3902: arm-buildroot-linux-uclibcgnueabi-gcc -c conftest.c -o conftest2.o
configure:3905: $? = 0
configure:3902: arm-buildroot-linux-uclibcgnueabi-gcc -c conftest.c -o conftest2.o
configure:3905: $? = 0
configure:3917: result: yes
configure:3945: checking for style of include used by make
configure:3973: result: GNU
configure:3999: checking dependency style of arm-buildroot-linux-uclibcgnueabi-gcc
configure:4110: result: gcc3
configure:4237: checking for C++ compiler version
configure:4246: arm-buildroot-linux-uclibcgnueabi-g++ --version >&5
arm-buildroot-linux-uclibcgnueabi-g++.br_real (Buildroot 2018.08.2-g21f88284c) 7.3.0
Copyright (C) 2017 Free Software Foundation, Inc.
This is free software; see the source for copying conditions.  There is NO
warranty; not even for MERCHANTABILITY or FITNESS FOR A PARTICULAR PURPOSE.

configure:4257: $? = 0
configure:4246: arm-buildroot-linux-uclibcgnueabi-g++ -v >&5
Using built-in specs.
COLLECT_GCC=/buildroot/output/host/bin/arm-buildroot-linux-uclibcgnueabi-g++.br_real
COLLECT_LTO_WRAPPER=/buildroot/output/host/libexec/gcc/arm-buildroot-linux-uclibcgnueabi/7.3.0/lto-wrapper
Target: arm-buildroot-linux-uclibcgnueabi
Configured with: ./configure --prefix=/buildroot/output/host --sysconfdir=/buildroot/output/host/etc --enable-static --target=arm-buildroot-linux-uclibcgnueabi --with-sysroot=/buildroot/output/host/arm-buildroot-linux-uclibcgnueabi/sysroot --disable-__cxa_atexit --with-gnu-ld --disable-libssp --disable-multilib --with-gmp=/buildroot/output/host --with-mpc=/buildroot/output/host --with-mpfr=/buildroot/output/host --with-pkgversion='Buildroot 2018.08.2-g21f88284c' --with-bugurl=http://bugs.buildroot.net/ --disable-libquadmath --disable-libsanitizer --enable-tls --enable-plugins --enable-lto --disable-libmudflap --enable-threads --with-isl=/buildroot/output/host --with-float=soft --disable-decimal-float --with-abi=aapcs-linux --with-cpu=arm926ej-s --with-float=soft --with-mode=arm --enable-languages=c,c++ --with-build-time-tools=/buildroot/output/host/arm-buildroot-linux-uclibcgnueabi/bin --enable-shared --disable-libgomp
Thread model: posix
gcc version 7.3.0 (Buildroot 2018.08.2-g21f88284c) 
configure:4257: $? = 0
configure:4246: arm-buildroot-linux-uclibcgnueabi-g++ -V >&5
arm-buildroot-linux-uclibcgnueabi-g++.br_real: error: unrecognized command line option '-V'
arm-buildroot-linux-uclibcgnueabi-g++.br_real: fatal error: no input files
compilation terminated.
configure:4257: $? = 1
configure:4246: arm-buildroot-linux-uclibcgnueabi-g++ -qversion >&5
arm-buildroot-linux-uclibcgnueabi-g++.br_real: error: unrecognized command line option '-qversion'; did you mean '--version'?
arm-buildroot-linux-uclibcgnueabi-g++.br_real: fatal error: no input files
compilation terminated.
configure:4257: $? = 1
configure:4261: checking whether we are using the GNU C++ compiler
configure:4280: arm-buildroot-linux-uclibcgnueabi-g++ -c -D_LARGEFILE_SOURCE -D_LARGEFILE64_SOURCE -D_FILE_OFFSET_BITS=64  -Os -g2  -D_LARGEFILE_SOURCE -D_LARGEFILE64_SOURCE -D_FILE_OFFSET_BITS=64 conftest.cpp >&5
configure:4280: $? = 0
configure:4289: result: yes
configure:4298: checking whether arm-buildroot-linux-uclibcgnueabi-g++ accepts -g
configure:4318: arm-buildroot-linux-uclibcgnueabi-g++ -c -g -D_LARGEFILE_SOURCE -D_LARGEFILE64_SOURCE -D_FILE_OFFSET_BITS=64 conftest.cpp >&5
configure:4318: $? = 0
configure:4359: result: yes
configure:4384: checking dependency style of arm-buildroot-linux-uclibcgnueabi-g++
configure:4495: result: gcc3
configure:4518: checking whether arm-buildroot-linux-uclibcgnueabi-g++ supports C++11 features by default
configure:4575: arm-buildroot-linux-uclibcgnueabi-g++ -c -D_LARGEFILE_SOURCE -D_LARGEFILE64_SOURCE -D_FILE_OFFSET_BITS=64  -Os -g2  -D_LARGEFILE_SOURCE -D_LARGEFILE64_SOURCE -D_FILE_OFFSET_BITS=64 conftest.cpp >&5
configure:4575: $? = 0
configure:4582: result: yes
configure:4706: checking build system type
configure:4720: result: x86_64-pc-linux-gnu
configure:4740: checking host system type
configure:4753: result: arm-buildroot-linux-uclibcgnueabi
configure:4780: checking how to run the C++ preprocessor
configure:4807: arm-buildroot-linux-uclibcgnueabi-g++ -E -D_LARGEFILE_SOURCE -D_LARGEFILE64_SOURCE -D_FILE_OFFSET_BITS=64 conftest.cpp
configure:4807: $? = 0
configure:4821: arm-buildroot-linux-uclibcgnueabi-g++ -E -D_LARGEFILE_SOURCE -D_LARGEFILE64_SOURCE -D_FILE_OFFSET_BITS=64 conftest.cpp
conftest.cpp:11:10: fatal error: ac_nonexistent.h: No such file or directory
 #include <ac_nonexistent.h>
          ^~~~~~~~~~~~~~~~~~
compilation terminated.
configure:4821: $? = 1
configure: failed program was:
| /* confdefs.h */
| #define PACKAGE_NAME "live-streamer"
| #define PACKAGE_TARNAME "live-streamer"
| #define PACKAGE_VERSION "1.9.5"
| #define PACKAGE_STRING "live-streamer 1.9.5"
| #define PACKAGE_BUGREPORT ""
| #define PACKAGE_URL ""
| #define PACKAGE "live-streamer"
| #define VERSION "1.9.5"
| /* end confdefs.h.  */
| #include <ac_nonexistent.h>
configure:4846: result: arm-buildroot-linux-uclibcgnueabi-g++ -E
configure:4866: arm-buildroot-linux-uclibcgnueabi-g++ -E -D_LARGEFILE_SOURCE -D_LARGEFILE64_SOURCE -D_FILE_OFFSET_BITS=64 conftest.cpp
configure:4866: $? = 0
configure:4880: arm-buildroot-linux-uclibcgnueabi-g++ -E -D_LARGEFILE_SOURCE -D_LARGEFILE64_SOURCE -D_FILE_OFFSET_BITS=64 conftest.cpp
conftest.cpp:11:10: fatal error: ac_nonexistent.h: No such file or directory
 #include <ac_nonexistent.h>
          ^~~~~~~~~~~~~~~~~~
compilation terminated.
configure:4880: $? = 1
configure: failed program was:
| /* confdefs.h */
| #define PACKAGE_NAME "live-streamer"
| #define PACKAGE_TARNAME "live-streamer"
| #define PACKAGE_VERSION "1.9.5"
| #define PACKAGE_STRING "live-streamer 1.9.5"
| #define PACKAGE_BUGREPORT ""
| #define PACKAGE_URL ""
| #define PACKAGE "live-streamer"
| #define VERSION "1.9.5"
| /* end confdefs.h.  */
| #include <ac_nonexistent.h>
configure:4909: checking for grep that handles long lines and -e
configure:4967: result: /bin/grep
configure:4972: checking for egrep
configure:5034: result: /bin/grep -E
configure:5039: checking for ANSI C header files
configure:5059: arm-buildroot-linux-uclibcgnueabi-g++ -c -D_LARGEFILE_SOURCE -D_LARGEFILE64_SOURCE -D_FILE_OFFSET_BITS=64  -Os -g2  -D_LARGEFILE_SOURCE -D_LARGEFILE64_SOURCE -D_FILE_OFFSET_BITS=64 conftest.cpp >&5
configure:5059: $? = 0
configure:5143: result: yes
configure:5156: checking for sys/types.h
configure:5156: arm-buildroot-linux-uclibcgnueabi-g++ -c -D_LARGEFILE_SOURCE -D_LARGEFILE64_SOURCE -D_FILE_OFFSET_BITS=64  -Os -g2  -D_LARGEFILE_SOURCE -D_LARGEFILE64_SOURCE -D_FILE_OFFSET_BITS=64 conftest.cpp >&5
configure:5156: $? = 0
configure:5156: result: yes
configure:5156: checking for sys/stat.h
configure:5156: arm-buildroot-linux-uclibcgnueabi-g++ -c -D_LARGEFILE_SOURCE -D_LARGEFILE64_SOURCE -D_FILE_OFFSET_BITS=64  -Os -g2  -D_LARGEFILE_SOURCE -D_LARGEFILE64_SOURCE -D_FILE_OFFSET_BITS=64 conftest.cpp >&5
configure:5156: $? = 0
configure:5156: result: yes
configure:5156: checking for stdlib.h
configure:5156: arm-buildroot-linux-uclibcgnueabi-g++ -c -D_LARGEFILE_SOURCE -D_LARGEFILE64_SOURCE -D_FILE_OFFSET_BITS=64  -Os -g2  -D_LARGEFILE_SOURCE -D_LARGEFILE64_SOURCE -D_FILE_OFFSET_BITS=64 conftest.cpp >&5
configure:5156: $? = 0
configure:5156: result: yes
configure:5156: checking for string.h
configure:5156: arm-buildroot-linux-uclibcgnueabi-g++ -c -D_LARGEFILE_SOURCE -D_LARGEFILE64_SOURCE -D_FILE_OFFSET_BITS=64  -Os -g2  -D_LARGEFILE_SOURCE -D_LARGEFILE64_SOURCE -D_FILE_OFFSET_BITS=64 conftest.cpp >&5
configure:5156: $? = 0
configure:5156: result: yes
configure:5156: checking for memory.h
configure:5156: arm-buildroot-linux-uclibcgnueabi-g++ -c -D_LARGEFILE_SOURCE -D_LARGEFILE64_SOURCE -D_FILE_OFFSET_BITS=64  -Os -g2  -D_LARGEFILE_SOURCE -D_LARGEFILE64_SOURCE -D_FILE_OFFSET_BITS=64 conftest.cpp >&5
configure:5156: $? = 0
configure:5156: result: yes
configure:5156: checking for strings.h
configure:5156: arm-buildroot-linux-uclibcgnueabi-g++ -c -D_LARGEFILE_SOURCE -D_LARGEFILE64_SOURCE -D_FILE_OFFSET_BITS=64  -Os -g2  -D_LARGEFILE_SOURCE -D_LARGEFILE64_SOURCE -D_FILE_OFFSET_BITS=64 conftest.cpp >&5
configure:5156: $? = 0
configure:5156: result: yes
configure:5156: checking for inttypes.h
configure:5156: arm-buildroot-linux-uclibcgnueabi-g++ -c -D_LARGEFILE_SOURCE -D_LARGEFILE64_SOURCE -D_FILE_OFFSET_BITS=64  -Os -g2  -D_LARGEFILE_SOURCE -D_LARGEFILE64_SOURCE -D_FILE_OFFSET_BITS=64 conftest.cpp >&5
configure:5156: $? = 0
configure:5156: result: yes
configure:5156: checking for stdint.h
configure:5156: arm-buildroot-linux-uclibcgnueabi-g++ -c -D_LARGEFILE_SOURCE -D_LARGEFILE64_SOURCE -D_FILE_OFFSET_BITS=64  -Os -g2  -D_LARGEFILE_SOURCE -D_LARGEFILE64_SOURCE -D_FILE_OFFSET_BITS=64 conftest.cpp >&5
configure:5156: $? = 0
configure:5156: result: yes
configure:5156: checking for unistd.h
configure:5156: arm-buildroot-linux-uclibcgnueabi-g++ -c -D_LARGEFILE_SOURCE -D_LARGEFILE64_SOURCE -D_FILE_OFFSET_BITS=64  -Os -g2  -D_LARGEFILE_SOURCE -D_LARGEFILE64_SOURCE -D_FILE_OFFSET_BITS=64 conftest.cpp >&5
configure:5156: $? = 0
configure:5156: result: yes
configure:5169: checking minix/config.h usability
configure:5169: arm-buildroot-linux-uclibcgnueabi-g++ -c -D_LARGEFILE_SOURCE -D_LARGEFILE64_SOURCE -D_FILE_OFFSET_BITS=64  -Os -g2  -D_LARGEFILE_SOURCE -D_LARGEFILE64_SOURCE -D_FILE_OFFSET_BITS=64 conftest.cpp >&5
conftest.cpp:54:10: fatal error: minix/config.h: No such file or directory
 #include <minix/config.h>
          ^~~~~~~~~~~~~~~~
compilation terminated.
configure:5169: $? = 1
configure: failed program was:
| /* confdefs.h */
| #define PACKAGE_NAME "live-streamer"
| #define PACKAGE_TARNAME "live-streamer"
| #define PACKAGE_VERSION "1.9.5"
| #define PACKAGE_STRING "live-streamer 1.9.5"
| #define PACKAGE_BUGREPORT ""
| #define PACKAGE_URL ""
| #define PACKAGE "live-streamer"
| #define VERSION "1.9.5"
| #define STDC_HEADERS 1
| #define HAVE_SYS_TYPES_H 1
| #define HAVE_SYS_STAT_H 1
| #define HAVE_STDLIB_H 1
| #define HAVE_STRING_H 1
| #define HAVE_MEMORY_H 1
| #define HAVE_STRINGS_H 1
| #define HAVE_INTTYPES_H 1
| #define HAVE_STDINT_H 1
| #define HAVE_UNISTD_H 1
| /* end confdefs.h.  */
| #include <stdio.h>
| #ifdef HAVE_SYS_TYPES_H
| # include <sys/types.h>
| #endif
| #ifdef HAVE_SYS_STAT_H
| # include <sys/stat.h>
| #endif
| #ifdef STDC_HEADERS
| # include <stdlib.h>
| # include <stddef.h>
| #else
| # ifdef HAVE_STDLIB_H
| #  include <stdlib.h>
| # endif
| #endif
| #ifdef HAVE_STRING_H
| # if !defined STDC_HEADERS && defined HAVE_MEMORY_H
| #  include <memory.h>
| # endif
| # include <string.h>
| #endif
| #ifdef HAVE_STRINGS_H
| # include <strings.h>
| #endif
| #ifdef HAVE_INTTYPES_H
| # include <inttypes.h>
| #endif
| #ifdef HAVE_STDINT_H
| # include <stdint.h>
| #endif
| #ifdef HAVE_UNISTD_H
| # include <unistd.h>
| #endif
| #include <minix/config.h>
configure:5169: result: no
configure:5169: checking minix/config.h presence
configure:5169: arm-buildroot-linux-uclibcgnueabi-g++ -E -D_LARGEFILE_SOURCE -D_LARGEFILE64_SOURCE -D_FILE_OFFSET_BITS=64 conftest.cpp
conftest.cpp:21:10: fatal error: minix/config.h: No such file or directory
 #include <minix/config.h>
          ^~~~~~~~~~~~~~~~
compilation terminated.
configure:5169: $? = 1
configure: failed program was:
| /* confdefs.h */
| #define PACKAGE_NAME "live-streamer"
| #define PACKAGE_TARNAME "live-streamer"
| #define PACKAGE_VERSION "1.9.5"
| #define PACKAGE_STRING "live-streamer 1.9.5"
| #define PACKAGE_BUGREPORT ""
| #define PACKAGE_URL ""
| #define PACKAGE "live-streamer"
| #define VERSION "1.9.5"
| #define STDC_HEADERS 1
| #define HAVE_SYS_TYPES_H 1
| #define HAVE_SYS_STAT_H 1
| #define HAVE_STDLIB_H 1
| #define HAVE_STRING_H 1
| #define HAVE_MEMORY_H 1
| #define HAVE_STRINGS_H 1
| #define HAVE_INTTYPES_H 1
| #define HAVE_STDINT_H 1
| #define HAVE_UNISTD_H 1
| /* end confdefs.h.  */
| #include <minix/config.h>
configure:5169: result: no
configure:5169: checking for minix/config.h
configure:5169: result: no
configure:5190: checking whether it is safe to define __EXTENSIONS__
configure:5208: arm-buildroot-linux-uclibcgnueabi-g++ -c -D_LARGEFILE_SOURCE -D_LARGEFILE64_SOURCE -D_FILE_OFFSET_BITS=64  -Os -g2  -D_LARGEFILE_SOURCE -D_LARGEFILE64_SOURCE -D_FILE_OFFSET_BITS=64 conftest.cpp >&5
configure:5208: $? = 0
configure:5215: result: yes
configure:5277: checking how to print strings
configure:5304: result: printf
configure:5325: checking for a sed that does not truncate output
configure:5389: result: /bin/sed
configure:5407: checking for fgrep
configure:5469: result: /bin/grep -F
configure:5504: checking for ld used by arm-buildroot-linux-uclibcgnueabi-gcc
configure:5571: result: arm-buildroot-linux-uclibcgnueabi-ld
configure:5578: checking if the linker (arm-buildroot-linux-uclibcgnueabi-ld) is GNU ld
configure:5593: result: yes
configure:5605: checking for BSD- or MS-compatible name lister (nm)
configure:5654: result: arm-buildroot-linux-uclibcgnueabi-nm
configure:5784: checking the name lister (arm-buildroot-linux-uclibcgnueabi-nm) interface
configure:5791: arm-buildroot-linux-uclibcgnueabi-g++ -c -D_LARGEFILE_SOURCE -D_LARGEFILE64_SOURCE -D_FILE_OFFSET_BITS=64  -Os -g2  -D_LARGEFILE_SOURCE -D_LARGEFILE64_SOURCE -D_FILE_OFFSET_BITS=64 conftest.cpp >&5
configure:5794: arm-buildroot-linux-uclibcgnueabi-nm "conftest.o"
configure:5797: output
00000000 B some_variable
configure:5804: result: BSD nm
configure:5807: checking whether ln -s works
configure:5811: result: yes
configure:5819: checking the maximum length of command line arguments
configure:5949: result: 1572864
configure:5966: checking whether the shell understands some XSI constructs
configure:5976: result: yes
configure:5980: checking whether the shell understands "+="
configure:5986: result: yes
configure:6021: checking how to convert x86_64-pc-linux-gnu file names to arm-buildroot-linux-uclibcgnueabi format
configure:6061: result: func_convert_file_noop
configure:6068: checking how to convert x86_64-pc-linux-gnu file names to toolchain format
configure:6088: result: func_convert_file_noop
configure:6095: checking for arm-buildroot-linux-uclibcgnueabi-ld option to reload object files
configure:6102: result: -r
configure:6136: checking for arm-buildroot-linux-uclibcgnueabi-objdump
configure:6163: result: arm-buildroot-linux-uclibcgnueabi-objdump
configure:6235: checking how to recognize dependent libraries
configure:6437: result: pass_all
configure:6482: checking for arm-buildroot-linux-uclibcgnueabi-dlltool
configure:6512: result: no
configure:6522: checking for dlltool
configure:6552: result: no
configure:6582: checking how to associate runtime and link libraries
configure:6609: result: printf %s\n
configure:6625: checking for arm-buildroot-linux-uclibcgnueabi-ar
configure:6652: result: arm-buildroot-linux-uclibcgnueabi-ar
configure:6733: checking for archiver @FILE support
configure:6750: arm-buildroot-linux-uclibcgnueabi-g++ -c -D_LARGEFILE_SOURCE -D_LARGEFILE64_SOURCE -D_FILE_OFFSET_BITS=64  -Os -g2  -D_LARGEFILE_SOURCE -D_LARGEFILE64_SOURCE -D_FILE_OFFSET_BITS=64 conftest.cpp >&5
configure:6750: $? = 0
configure:6753: arm-buildroot-linux-uclibcgnueabi-ar cru libconftest.a @conftest.lst >&5
configure:6756: $? = 0
configure:6761: arm-buildroot-linux-uclibcgnueabi-ar cru libconftest.a @conftest.lst >&5
arm-buildroot-linux-uclibcgnueabi-ar: conftest.o: No such file or directory
configure:6764: $? = 1
configure:6776: result: @
configure:6794: checking for arm-buildroot-linux-uclibcgnueabi-strip
configure:6821: result: arm-buildroot-linux-uclibcgnueabi-strip
configure:6893: checking for arm-buildroot-linux-uclibcgnueabi-ranlib
configure:6920: result: arm-buildroot-linux-uclibcgnueabi-ranlib
configure:7062: checking command to parse arm-buildroot-linux-uclibcgnueabi-nm output from arm-buildroot-linux-uclibcgnueabi-gcc object
configure:7182: arm-buildroot-linux-uclibcgnueabi-g++ -c -D_LARGEFILE_SOURCE -D_LARGEFILE64_SOURCE -D_FILE_OFFSET_BITS=64  -Os -g2  -D_LARGEFILE_SOURCE -D_LARGEFILE64_SOURCE -D_FILE_OFFSET_BITS=64 conftest.cpp >&5
configure:7185: $? = 0
configure:7189: arm-buildroot-linux-uclibcgnueabi-nm conftest.o \| sed -n -e 's/^.*[ ]\([ABCDGIRSTW][ABCDGIRSTW]*\)[ ][ ]*\([_A-Za-z][_A-Za-z0-9]*\)$/\1 \2 \2/p' | sed '/ __gnu_lto/d' \> conftest.nm
configure:7192: $? = 0
configure:7258: arm-buildroot-linux-uclibcgnueabi-g++ -o conftest -D_LARGEFILE_SOURCE -D_LARGEFILE64_SOURCE -D_FILE_OFFSET_BITS=64  -Os -g2  -D_LARGEFILE_SOURCE -D_LARGEFILE64_SOURCE -D_FILE_OFFSET_BITS=64  conftest.cpp conftstm.o >&5
configure:7261: $? = 0
configure:7299: result: ok
configure:7336: checking for sysroot
configure:7366: result: no
configure:7589: checking for arm-buildroot-linux-uclibcgnueabi-mt
configure:7619: result: no
configure:7629: checking for mt
configure:7645: found /bin/mt
configure:7656: result: mt
configure:7668: WARNING: using cross tools not prefixed with host triplet
configure:7679: checking if mt is a manifest tool
configure:7685: mt '-?'
configure:7693: result: no
configure:8332: checking for dlfcn.h
configure:8332: arm-buildroot-linux-uclibcgnueabi-g++ -c -D_LARGEFILE_SOURCE -D_LARGEFILE64_SOURCE -D_FILE_OFFSET_BITS=64  -Os -g2  -D_LARGEFILE_SOURCE -D_LARGEFILE64_SOURCE -D_FILE_OFFSET_BITS=64 conftest.cpp >&5
configure:8332: $? = 0
configure:8332: result: yes
configure:8548: checking for objdir
configure:8563: result: .libs
configure:8834: checking if arm-buildroot-linux-uclibcgnueabi-gcc supports -fno-rtti -fno-exceptions
configure:8852: arm-buildroot-linux-uclibcgnueabi-gcc -c -D_LARGEFILE_SOURCE -D_LARGEFILE64_SOURCE -D_FILE_OFFSET_BITS=64  -Os -g2  -D_LARGEFILE_SOURCE -D_LARGEFILE64_SOURCE -D_FILE_OFFSET_BITS=64 -fno-rtti -fno-exceptions conftest.c >&5
cc1: warning: command line option '-fno-rtti' is valid for C++/ObjC++ but not for C
configure:8856: $? = 0
configure:8869: result: no
configure:9196: checking for arm-buildroot-linux-uclibcgnueabi-gcc option to produce PIC
configure:9203: result: -fPIC -DPIC
configure:9211: checking if arm-buildroot-linux-uclibcgnueabi-gcc PIC flag -fPIC -DPIC works
configure:9229: arm-buildroot-linux-uclibcgnueabi-gcc -c -D_LARGEFILE_SOURCE -D_LARGEFILE64_SOURCE -D_FILE_OFFSET_BITS=64  -Os -g2  -D_LARGEFILE_SOURCE -D_LARGEFILE64_SOURCE -D_FILE_OFFSET_BITS=64 -fPIC -DPIC -DPIC conftest.c >&5
configure:9233: $? = 0
configure:9246: result: yes
configure:9275: checking if arm-buildroot-linux-uclibcgnueabi-gcc static flag -static works
configure:9303: result: yes
configure:9318: checking if arm-buildroot-linux-uclibcgnueabi-gcc supports -c -o file.o
configure:9339: arm-buildroot-linux-uclibcgnueabi-gcc -c -D_LARGEFILE_SOURCE -D_LARGEFILE64_SOURCE -D_FILE_OFFSET_BITS=64  -Os -g2  -D_LARGEFILE_SOURCE -D_LARGEFILE64_SOURCE -D_FILE_OFFSET_BITS=64 -o out/conftest2.o conftest.c >&5
configure:9343: $? = 0
configure:9365: result: yes
configure:9373: checking if arm-buildroot-linux-uclibcgnueabi-gcc supports -c -o file.o
configure:9420: result: yes
configure:9453: checking whether the arm-buildroot-linux-uclibcgnueabi-gcc linker (arm-buildroot-linux-uclibcgnueabi-ld) supports shared libraries
configure:10606: result: yes
configure:10643: checking whether -lc should be explicitly linked in
configure:10651: arm-buildroot-linux-uclibcgnueabi-gcc -c -D_LARGEFILE_SOURCE -D_LARGEFILE64_SOURCE -D_FILE_OFFSET_BITS=64  -Os -g2  -D_LARGEFILE_SOURCE -D_LARGEFILE64_SOURCE -D_FILE_OFFSET_BITS=64 conftest.c >&5
configure:10654: $? = 0
configure:10669: arm-buildroot-linux-uclibcgnueabi-gcc -shared  -fPIC -DPIC conftest.o  -v -Wl,-soname -Wl,conftest -o conftest 2\>\&1 \| /bin/grep  -lc  \>/dev/null 2\>\&1
configure:10672: $? = 0
configure:10686: result: no
configure:10846: checking dynamic linker characteristics
configure:11357: arm-buildroot-linux-uclibcgnueabi-gcc -o conftest -D_LARGEFILE_SOURCE -D_LARGEFILE64_SOURCE -D_FILE_OFFSET_BITS=64  -Os -g2  -D_LARGEFILE_SOURCE -D_LARGEFILE64_SOURCE -D_FILE_OFFSET_BITS=64  -Wl,-rpath -Wl,/foo conftest.c  >&5
configure:11357: $? = 0
configure:11583: result: GNU/Linux ld.so
configure:11690: checking how to hardcode library paths into programs
configure:11715: result: immediate
configure:12255: checking whether stripping libraries is possible
configure:12260: result: yes
configure:12295: checking if libtool supports shared libraries
configure:12297: result: yes
configure:12300: checking whether to build shared libraries
configure:12321: result: yes
configure:12324: checking whether to build static libraries
configure:12328: result: yes
configure:12351: checking how to run the C++ preprocessor
configure:12417: result: arm-buildroot-linux-uclibcgnueabi-g++ -E
configure:12437: arm-buildroot-linux-uclibcgnueabi-g++ -E -D_LARGEFILE_SOURCE -D_LARGEFILE64_SOURCE -D_FILE_OFFSET_BITS=64 conftest.cpp
configure:12437: $? = 0
configure:12451: arm-buildroot-linux-uclibcgnueabi-g++ -E -D_LARGEFILE_SOURCE -D_LARGEFILE64_SOURCE -D_FILE_OFFSET_BITS=64 conftest.cpp
conftest.cpp:28:10: fatal error: ac_nonexistent.h: No such file or directory
 #include <ac_nonexistent.h>
          ^~~~~~~~~~~~~~~~~~
compilation terminated.
configure:12451: $? = 1
configure: failed program was:
| /* confdefs.h */
| #define PACKAGE_NAME "live-streamer"
| #define PACKAGE_TARNAME "live-streamer"
| #define PACKAGE_VERSION "1.9.5"
| #define PACKAGE_STRING "live-streamer 1.9.5"
| #define PACKAGE_BUGREPORT ""
| #define PACKAGE_URL ""
| #define PACKAGE "live-streamer"
| #define VERSION "1.9.5"
| #define STDC_HEADERS 1
| #define HAVE_SYS_TYPES_H 1
| #define HAVE_SYS_STAT_H 1
| #define HAVE_STDLIB_H 1
| #define HAVE_STRING_H 1
| #define HAVE_MEMORY_H 1
| #define HAVE_STRINGS_H 1
| #define HAVE_INTTYPES_H 1
| #define HAVE_STDINT_H 1
| #define HAVE_UNISTD_H 1
| #define __EXTENSIONS__ 1
| #define _ALL_SOURCE 1
| #define _GNU_SOURCE 1
| #define _POSIX_PTHREAD_SEMANTICS 1
| #define _TANDEM_SOURCE 1
| #define HAVE_DLFCN_H 1
| #define LT_OBJDIR ".libs/"
| /* end confdefs.h.  */
| #include <ac_nonexistent.h>
configure:12620: checking for ld used by arm-buildroot-linux-uclibcgnueabi-g++
configure:12687: result: arm-buildroot-linux-uclibcgnueabi-ld
configure:12694: checking if the linker (arm-buildroot-linux-uclibcgnueabi-ld) is GNU ld
configure:12709: result: yes
configure:12764: checking whether the arm-buildroot-linux-uclibcgnueabi-g++ linker (arm-buildroot-linux-uclibcgnueabi-ld) supports shared libraries
configure:13769: result: yes
configure:13805: arm-buildroot-linux-uclibcgnueabi-g++ -c -D_LARGEFILE_SOURCE -D_LARGEFILE64_SOURCE -D_FILE_OFFSET_BITS=64  -Os -g2  -D_LARGEFILE_SOURCE -D_LARGEFILE64_SOURCE -D_FILE_OFFSET_BITS=64 conftest.cpp >&5
configure:13808: $? = 0
configure:14328: checking for arm-buildroot-linux-uclibcgnueabi-g++ option to produce PIC
configure:14335: result: -fPIC -DPIC
configure:14343: checking if arm-buildroot-linux-uclibcgnueabi-g++ PIC flag -fPIC -DPIC works
configure:14361: arm-buildroot-linux-uclibcgnueabi-g++ -c -D_LARGEFILE_SOURCE -D_LARGEFILE64_SOURCE -D_FILE_OFFSET_BITS=64  -Os -g2  -D_LARGEFILE_SOURCE -D_LARGEFILE64_SOURCE -D_FILE_OFFSET_BITS=64 -fPIC -DPIC -DPIC conftest.cpp >&5
configure:14365: $? = 0
configure:14378: result: yes
configure:14401: checking if arm-buildroot-linux-uclibcgnueabi-g++ static flag -static works
configure:14429: result: yes
configure:14441: checking if arm-buildroot-linux-uclibcgnueabi-g++ supports -c -o file.o
configure:14462: arm-buildroot-linux-uclibcgnueabi-g++ -c -D_LARGEFILE_SOURCE -D_LARGEFILE64_SOURCE -D_FILE_OFFSET_BITS=64  -Os -g2  -D_LARGEFILE_SOURCE -D_LARGEFILE64_SOURCE -D_FILE_OFFSET_BITS=64 -o out/conftest2.o conftest.cpp >&5
configure:14466: $? = 0
configure:14488: result: yes
configure:14493: checking if arm-buildroot-linux-uclibcgnueabi-g++ supports -c -o file.o
configure:14540: result: yes
configure:14570: checking whether the arm-buildroot-linux-uclibcgnueabi-g++ linker (arm-buildroot-linux-uclibcgnueabi-ld) supports shared libraries
configure:14606: result: yes
configure:14747: checking dynamic linker characteristics
configure:15418: result: GNU/Linux ld.so
configure:15471: checking how to hardcode library paths into programs
configure:15496: result: immediate
configure:15668: checking pkg-config is at least version 0.9.0
configure:15671: result: yes
configure:15681: checking for DBUSXX
configure:15688: $PKG_CONFIG --exists --print-errors "dbus-c++-1"
configure:15691: $? = 0
configure:15705: $PKG_CONFIG --exists --print-errors "dbus-c++-1"
configure:15708: $? = 0
configure:15766: result: yes
configure:15773: checking for FREETYPE
configure:15780: $PKG_CONFIG --exists --print-errors "freetype2"
configure:15783: $? = 0
configure:15797: $PKG_CONFIG --exists --print-errors "freetype2"
configure:15800: $? = 0
configure:15858: result: yes
configure:15865: checking for FONTCONFIG
configure:15872: $PKG_CONFIG --exists --print-errors "fontconfig"
configure:15875: $? = 0
configure:15889: $PKG_CONFIG --exists --print-errors "fontconfig"
configure:15892: $? = 0
configure:15950: result: yes
configure:15957: checking for SDL
configure:15964: $PKG_CONFIG --exists --print-errors "sdl SDL_ttf SDL_image"
configure:15967: $? = 0
configure:15981: $PKG_CONFIG --exists --print-errors "sdl SDL_ttf SDL_image"
configure:15984: $? = 0
configure:16042: result: yes
configure:16049: checking for JSONCPP
configure:16056: $PKG_CONFIG --exists --print-errors "jsoncpp"
configure:16059: $? = 0
configure:16073: $PKG_CONFIG --exists --print-errors "jsoncpp"
configure:16076: $? = 0
configure:16114: result: yes
configure:16134: checking for VO_AACENC
configure:16141: $PKG_CONFIG --exists --print-errors "vo-aacenc"
configure:16144: $? = 0
configure:16158: $PKG_CONFIG --exists --print-errors "vo-aacenc"
configure:16161: $? = 0
configure:16199: result: yes
configure:16233: checking for live555 library
configure:16255: result: /buildroot/output/host/arm-buildroot-linux-uclibcgnueabi/sysroot/usr
configure:16288: arm-buildroot-linux-uclibcgnueabi-g++ -o conftest -D_LARGEFILE_SOURCE -D_LARGEFILE64_SOURCE -D_FILE_OFFSET_BITS=64  -Os -g2  -D_LARGEFILE_SOURCE -D_LARGEFILE64_SOURCE -D_FILE_OFFSET_BITS=64 -I/buildroot/output/host/arm-buildroot-linux-uclibcgnueabi/sysroot/usr/include/BasicUsageEnvironment  -I/buildroot/output/host/arm-buildroot-linux-uclibcgnueabi/sysroot/usr/include/UsageEnvironment  -I/buildroot/output/host/arm-buildroot-linux-uclibcgnueabi/sysroot/usr/include/groupsock  -I/buildroot/output/host/arm-buildroot-linux-uclibcgnueabi/sysroot/usr/include/liveMedia  -L/buildroot/output/host/arm-buildroot-linux-uclibcgnueabi/sysroot/usr/lib  -lBasicUsageEnvironment -lUsageEnvironment  -lgroupsock -lliveMedia conftest.cpp  >&5
configure:16288: $? = 0
configure:16314: checking for hi3518v100 mpp library
configure:16381: result: no
configure:16402: checking for hi3518v200 mpp library
configure:16469: result: no
configure:16490: checking for hi3516cv300 mpp library
configure:16534: arm-buildroot-linux-uclibcgnueabi-g++ -o conftest -D_LARGEFILE_SOURCE -D_LARGEFILE64_SOURCE -D_FILE_OFFSET_BITS=64  -Os -g2  -D_LARGEFILE_SOURCE -D_LARGEFILE64_SOURCE -D_FILE_OFFSET_BITS=64 -I/buildroot/output/host/arm-buildroot-linux-uclibcgnueabi/sysroot/usr/include/hi3516cv300mpp  -L/buildroot/output/host/arm-buildroot-linux-uclibcgnueabi/sysroot/usr/lib     -lmpi -ldnvqe -lhive_RES -lhive_AEC -lupvqe -lhive_ANR -lVoiceEngine     -lisp -l_hiae -l_hiawb -l_hiaf -l_hidefog -lpthread conftest.cpp  >&5
/buildroot/output/host/lib/gcc/arm-buildroot-linux-uclibcgnueabi/7.3.0/../../../../arm-buildroot-linux-uclibcgnueabi/bin/ld: warning: libdl.so.0, needed by /buildroot/output/host/arm-buildroot-linux-uclibcgnueabi/sysroot/usr/lib/libhive_RES.so, not found (try using -rpath or -rpath-link)
configure:16534: $? = 0
configure:16557: result: yes
configure:16578: checking for hi3516ev200 mpp library
configure:16645: result: no
configure:16666: checking for hi3520v100 mpp library
configure:16732: result: no
configure:16752: checking for hi3520dv200 mpp library
configure:16818: result: no
configure:16830: checking for ev_default_loop in -lev
configure:16855: arm-buildroot-linux-uclibcgnueabi-g++ -o conftest -D_LARGEFILE_SOURCE -D_LARGEFILE64_SOURCE -D_FILE_OFFSET_BITS=64  -Os -g2  -D_LARGEFILE_SOURCE -D_LARGEFILE64_SOURCE -D_FILE_OFFSET_BITS=64  conftest.cpp -lev   >&5
configure:16855: $? = 0
configure:16864: result: yes
configure:16869: checking ev.h usability
configure:16869: arm-buildroot-linux-uclibcgnueabi-g++ -c -D_LARGEFILE_SOURCE -D_LARGEFILE64_SOURCE -D_FILE_OFFSET_BITS=64  -Os -g2  -D_LARGEFILE_SOURCE -D_LARGEFILE64_SOURCE -D_FILE_OFFSET_BITS=64 conftest.cpp >&5
configure:16869: $? = 0
configure:16869: result: yes
configure:16869: checking ev.h presence
configure:16869: arm-buildroot-linux-uclibcgnueabi-g++ -E -D_LARGEFILE_SOURCE -D_LARGEFILE64_SOURCE -D_FILE_OFFSET_BITS=64 conftest.cpp
configure:16869: $? = 0
configure:16869: result: yes
configure:16869: checking for ev.h
configure:16869: result: yes
configure:17013: checking that generated files are newer than configure
configure:17019: result: done
configure:17082: creating ./config.status

## ---------------------- ##
## Running config.status. ##
## ---------------------- ##

This file was extended by live-streamer config.status 1.9.5, which was
generated by GNU Autoconf 2.69.  Invocation command line was

  CONFIG_FILES    = 
  CONFIG_HEADERS  = 
  CONFIG_LINKS    = 
  CONFIG_COMMANDS = 
  $ ./config.status 

on 95d0ed9ce158

config.status:1214: creating Makefile
config.status:1214: creating src/Makefile
config.status:1214: creating src/rtsp-server/Makefile
config.status:1214: creating src/dbus/Makefile
config.status:1214: creating src/platform/Makefile
config.status:1214: creating src/common/Makefile
config.status:1214: creating src/platform/hi3518v200/Makefile
config.status:1214: creating src/platform/hi3516cv300/Makefile
config.status:1214: creating src/platform/hi3516ev200/Makefile
config.status:1214: creating config.h
config.status:1395: config.h is unchanged
config.status:1443: executing depfiles commands
config.status:1443: executing libtool commands

## ---------------- ##
## Cache variables. ##
## ---------------- ##

ac_cv_build=x86_64-pc-linux-gnu
ac_cv_c_compiler_gnu=yes
ac_cv_cxx_compiler_gnu=yes
ac_cv_env_CCC_set=
ac_cv_env_CCC_value=
ac_cv_env_CC_set=set
ac_cv_env_CC_value=arm-buildroot-linux-uclibcgnueabi-gcc
ac_cv_env_CFLAGS_set=set
ac_cv_env_CFLAGS_value='-D_LARGEFILE_SOURCE -D_LARGEFILE64_SOURCE -D_FILE_OFFSET_BITS=64  -Os -g2 '
ac_cv_env_CPPFLAGS_set=set
ac_cv_env_CPPFLAGS_value='-D_LARGEFILE_SOURCE -D_LARGEFILE64_SOURCE -D_FILE_OFFSET_BITS=64'
ac_cv_env_CXXCPP_set=
ac_cv_env_CXXCPP_value=
ac_cv_env_CXXFLAGS_set=set
ac_cv_env_CXXFLAGS_value='-D_LARGEFILE_SOURCE -D_LARGEFILE64_SOURCE -D_FILE_OFFSET_BITS=64  -Os -g2 '
ac_cv_env_CXX_set=set
ac_cv_env_CXX_value=arm-buildroot-linux-uclibcgnueabi-g++
ac_cv_env_DBUSXX_CFLAGS_set=
ac_cv_env_DBUSXX_CFLAGS_value=
ac_cv_env_DBUSXX_LIBS_set=
ac_cv_env_DBUSXX_LIBS_value=
ac_cv_env_FONTCONFIG_CFLAGS_set=
ac_cv_env_FONTCONFIG_CFLAGS_value=
ac_cv_env_FONTCONFIG_LIBS_set=
ac_cv_env_FONTCONFIG_LIBS_value=
ac_cv_env_FREETYPE_CFLAGS_set=
ac_cv_env_FREETYPE_CFLAGS_value=
ac_cv_env_FREETYPE_LIBS_set=
ac_cv_env_FREETYPE_LIBS_value=
ac_cv_env_JSONCPP_CFLAGS_set=
ac_cv_env_JSONCPP_CFLAGS_value=
ac_cv_env_JSONCPP_LIBS_set=
ac_cv_env_JSONCPP_LIBS_value=
ac_cv_env_LDFLAGS_set=set
ac_cv_env_LDFLAGS_value=
ac_cv_env_LIBS_set=
ac_cv_env_LIBS_value=
ac_cv_env_PKG_CONFIG_LIBDIR_set=
ac_cv_env_PKG_CONFIG_LIBDIR_value=
ac_cv_env_PKG_CONFIG_PATH_set=
ac_cv_env_PKG_CONFIG_PATH_value=
ac_cv_env_PKG_CONFIG_set=set
ac_cv_env_PKG_CONFIG_value=pkg-config
ac_cv_env_SDL_CFLAGS_set=
ac_cv_env_SDL_CFLAGS_value=
ac_cv_env_SDL_LIBS_set=
ac_cv_env_SDL_LIBS_value=
ac_cv_env_VO_AACENC_CFLAGS_set=
ac_cv_env_VO_AACENC_CFLAGS_value=
ac_cv_env_VO_AACENC_LIBS_set=
ac_cv_env_VO_AACENC_LIBS_value=
ac_cv_env_build_alias_set=set
ac_cv_env_build_alias_value=x86_64-pc-linux-gnu
ac_cv_env_host_alias_set=set
ac_cv_env_host_alias_value=arm-buildroot-linux-uclibcgnueabi
ac_cv_env_target_alias_set=set
ac_cv_env_target_alias_value=arm-buildroot-linux-uclibcgnueabi
ac_cv_header_dlfcn_h=yes
ac_cv_header_ev_h=yes
ac_cv_header_inttypes_h=yes
ac_cv_header_memory_h=yes
ac_cv_header_minix_config_h=no
ac_cv_header_stdc=yes
ac_cv_header_stdint_h=yes
ac_cv_header_stdlib_h=yes
ac_cv_header_string_h=yes
ac_cv_header_strings_h=yes
ac_cv_header_sys_stat_h=yes
ac_cv_header_sys_types_h=yes
ac_cv_header_unistd_h=yes
ac_cv_host=arm-buildroot-linux-uclibcgnueabi
ac_cv_lib_ev_ev_default_loop=yes
ac_cv_objext=o
ac_cv_path_EGREP='/bin/grep -E'
ac_cv_path_FGREP='/bin/grep -F'
ac_cv_path_GREP=/bin/grep
ac_cv_path_SED=/bin/sed
ac_cv_path_install='/usr/bin/install -c'
ac_cv_path_mkdir=/bin/mkdir
ac_cv_prog_AR=arm-buildroot-linux-uclibcgnueabi-ar
ac_cv_prog_AWK=mawk
ac_cv_prog_CC=arm-buildroot-linux-uclibcgnueabi-gcc
ac_cv_prog_CXXCPP='arm-buildroot-linux-uclibcgnueabi-g++ -E'
ac_cv_prog_OBJDUMP=arm-buildroot-linux-uclibcgnueabi-objdump
ac_cv_prog_RANLIB=arm-buildroot-linux-uclibcgnueabi-ranlib
ac_cv_prog_STRIP=arm-buildroot-linux-uclibcgnueabi-strip
ac_cv_prog_ac_ct_MANIFEST_TOOL=mt
ac_cv_prog_cc_c89=
ac_cv_prog_cc_g=yes
ac_cv_prog_cxx_g=yes
ac_cv_prog_make_make_set=yes
ac_cv_safe_to_define___extensions__=yes
am_cv_CC_dependencies_compiler_type=gcc3
am_cv_CXX_dependencies_compiler_type=gcc3
am_cv_make_support_nested_variables=yes
am_cv_prog_cc_c_o=yes
ax_cv_cxx_compile_cxx11=yes
lt_cv_ar_at_file=@
lt_cv_archive_cmds_need_lc=no
lt_cv_deplibs_check_method=pass_all
lt_cv_file_magic_cmd='$MAGIC_CMD'
lt_cv_file_magic_test_file=
lt_cv_ld_reload_flag=-r
lt_cv_nm_interface='BSD nm'
lt_cv_objdir=.libs
lt_cv_path_LD=arm-buildroot-linux-uclibcgnueabi-ld
lt_cv_path_LDCXX=arm-buildroot-linux-uclibcgnueabi-ld
lt_cv_path_NM=arm-buildroot-linux-uclibcgnueabi-nm
lt_cv_path_mainfest_tool=no
lt_cv_prog_compiler_c_o=yes
lt_cv_prog_compiler_c_o_CXX=yes
lt_cv_prog_compiler_pic='-fPIC -DPIC'
lt_cv_prog_compiler_pic_CXX='-fPIC -DPIC'
lt_cv_prog_compiler_pic_works=yes
lt_cv_prog_compiler_pic_works_CXX=yes
lt_cv_prog_compiler_rtti_exceptions=no
lt_cv_prog_compiler_static_works=yes
lt_cv_prog_compiler_static_works_CXX=yes
lt_cv_prog_gnu_ld=yes
lt_cv_prog_gnu_ldcxx=yes
lt_cv_sharedlib_from_linklib_cmd='printf %s\n'
lt_cv_shlibpath_overrides_runpath=no
lt_cv_sys_global_symbol_pipe='sed -n -e '\''s/^.*[	 ]\([ABCDGIRSTW][ABCDGIRSTW]*\)[	 ][	 ]*\([_A-Za-z][_A-Za-z0-9]*\)$/\1 \2 \2/p'\'' | sed '\''/ __gnu_lto/d'\'''
lt_cv_sys_global_symbol_to_c_name_address='sed -n -e '\''s/^: \([^ ]*\)[ ]*$/  {\"\1\", (void *) 0},/p'\'' -e '\''s/^[ABCDGIRSTW]* \([^ ]*\) \([^ ]*\)$/  {"\2", (void *) \&\2},/p'\'''
lt_cv_sys_global_symbol_to_c_name_address_lib_prefix='sed -n -e '\''s/^: \([^ ]*\)[ ]*$/  {\"\1\", (void *) 0},/p'\'' -e '\''s/^[ABCDGIRSTW]* \([^ ]*\) \(lib[^ ]*\)$/  {"\2", (void *) \&\2},/p'\'' -e '\''s/^[ABCDGIRSTW]* \([^ ]*\) \([^ ]*\)$/  {"lib\2", (void *) \&\2},/p'\'''
lt_cv_sys_global_symbol_to_cdecl='sed -n -e '\''s/^T .* \(.*\)$/extern int \1();/p'\'' -e '\''s/^[ABCDGIRSTW]* .* \(.*\)$/extern char \1;/p'\'''
lt_cv_sys_max_cmd_len=1572864
lt_cv_to_host_file_cmd=func_convert_file_noop
lt_cv_to_tool_file_cmd=func_convert_file_noop
pkg_cv_DBUSXX_CFLAGS='-I/buildroot/output/host/bin/../arm-buildroot-linux-uclibcgnueabi/sysroot/usr/include/dbus-c++-1 -DDBUS_API_SUBJECT_TO_CHANGE -I/buildroot/output/host/bin/../arm-buildroot-linux-uclibcgnueabi/sysroot/usr/include/dbus-1.0 -I/buildroot/output/host/bin/../arm-buildroot-linux-uclibcgnueabi/sysroot/usr/lib/dbus-1.0/include  '
pkg_cv_DBUSXX_LIBS='-L/buildroot/output/host/bin/../arm-buildroot-linux-uclibcgnueabi/sysroot/usr/lib -ldbus-c++-1 -ldbus-1  '
pkg_cv_FONTCONFIG_CFLAGS='-I/buildroot/output/host/bin/../arm-buildroot-linux-uclibcgnueabi/sysroot/usr/include -I/buildroot/output/host/bin/../arm-buildroot-linux-uclibcgnueabi/sysroot/usr/include/freetype2   '
pkg_cv_FONTCONFIG_LIBS='-L/buildroot/output/host/bin/../arm-buildroot-linux-uclibcgnueabi/sysroot/usr/lib -lfontconfig -lfreetype  '
pkg_cv_FREETYPE_CFLAGS='-I/buildroot/output/host/bin/../arm-buildroot-linux-uclibcgnueabi/sysroot/usr/include/freetype2  '
pkg_cv_FREETYPE_LIBS='-L/buildroot/output/host/bin/../arm-buildroot-linux-uclibcgnueabi/sysroot/usr/lib -lfreetype  '
pkg_cv_JSONCPP_CFLAGS='-I/buildroot/output/host/bin/../arm-buildroot-linux-uclibcgnueabi/sysroot/usr/include  '
pkg_cv_JSONCPP_LIBS='-L/buildroot/output/host/bin/../arm-buildroot-linux-uclibcgnueabi/sysroot/usr/lib -ljsoncpp  '
pkg_cv_SDL_CFLAGS='-I/buildroot/output/host/bin/../arm-buildroot-linux-uclibcgnueabi/sysroot/usr/include/SDL -D_GNU_SOURCE=1 -D_REENTRANT  '
pkg_cv_SDL_LIBS='-L/buildroot/output/host/bin/../arm-buildroot-linux-uclibcgnueabi/sysroot/usr/lib -lSDL_ttf -lSDL_image -lSDL  -lpthread  '
pkg_cv_VO_AACENC_CFLAGS='-I/buildroot/output/host/bin/../arm-buildroot-linux-uclibcgnueabi/sysroot/usr/include  '
pkg_cv_VO_AACENC_LIBS='-L/buildroot/output/host/bin/../arm-buildroot-linux-uclibcgnueabi/sysroot/usr/lib -lvo-aacenc  '

## ----------------- ##
## Output variables. ##
## ----------------- ##

ACLOCAL='${SHELL} /tools/live-streamer/missing aclocal-1.15'
AMDEPBACKSLASH='\'
AMDEP_FALSE='#'
AMDEP_TRUE=''
AMTAR='$${TAR-tar}'
AM_BACKSLASH='\'
AM_DEFAULT_V='$(AM_DEFAULT_VERBOSITY)'
AM_DEFAULT_VERBOSITY='0'
AM_V='$(V)'
AR='arm-buildroot-linux-uclibcgnueabi-ar'
AUTOCONF='${SHELL} /tools/live-streamer/missing autoconf'
AUTOHEADER='${SHELL} /tools/live-streamer/missing autoheader'
AUTOMAKE='${SHELL} /tools/live-streamer/missing automake-1.15'
AWK='mawk'
CC='arm-buildroot-linux-uclibcgnueabi-gcc'
CCDEPMODE='depmode=gcc3'
CFLAGS='-D_LARGEFILE_SOURCE -D_LARGEFILE64_SOURCE -D_FILE_OFFSET_BITS=64  -Os -g2 '
CPPFLAGS='-D_LARGEFILE_SOURCE -D_LARGEFILE64_SOURCE -D_FILE_OFFSET_BITS=64'
CXX='arm-buildroot-linux-uclibcgnueabi-g++'
CXXCPP='arm-buildroot-linux-uclibcgnueabi-g++ -E'
CXXDEPMODE='depmode=gcc3'
CXXFLAGS='-D_LARGEFILE_SOURCE -D_LARGEFILE64_SOURCE -D_FILE_OFFSET_BITS=64  -Os -g2 '
CYGPATH_W='echo'
DBUSXX_CFLAGS='-I/buildroot/output/host/bin/../arm-buildroot-linux-uclibcgnueabi/sysroot/usr/include/dbus-c++-1 -DDBUS_API_SUBJECT_TO_CHANGE -I/buildroot/output/host/bin/../arm-buildroot-linux-uclibcgnueabi/sysroot/usr/include/dbus-1.0 -I/buildroot/output/host/bin/../arm-buildroot-linux-uclibcgnueabi/sysroot/usr/lib/dbus-1.0/include  '
DBUSXX_LIBS='-L/buildroot/output/host/bin/../arm-buildroot-linux-uclibcgnueabi/sysroot/usr/lib -ldbus-c++-1 -ldbus-1  '
DEFS='-DHAVE_CONFIG_H'
DEPDIR='.deps'
DLLTOOL='false'
DSYMUTIL=''
DUMPBIN=''
ECHO_C=''
ECHO_N='-n'
ECHO_T=''
EGREP='/bin/grep -E'
ENABLE_HI3516CV300_FALSE='#'
ENABLE_HI3516CV300_TRUE=''
ENABLE_HI3516EV200_FALSE=''
ENABLE_HI3516EV200_TRUE='#'
ENABLE_HI3518V100_FALSE=''
ENABLE_HI3518V100_TRUE='#'
ENABLE_HI3518V200_FALSE=''
ENABLE_HI3518V200_TRUE='#'
ENABLE_HI3520DV200_FALSE=''
ENABLE_HI3520DV200_TRUE='#'
ENABLE_HI3520V100_FALSE=''
ENABLE_HI3520V100_TRUE='#'
ENABLE_JSONCPP_FALSE='#'
ENABLE_JSONCPP_TRUE=''
ENABLE_LIBEV_FALSE='#'
ENABLE_LIBEV_TRUE=''
ENABLE_VO_AACENC_FALSE='#'
ENABLE_VO_AACENC_TRUE=''
EXEEXT=''
FGREP='/bin/grep -F'
FONTCONFIG_CFLAGS='-I/buildroot/output/host/bin/../arm-buildroot-linux-uclibcgnueabi/sysroot/usr/include -I/buildroot/output/host/bin/../arm-buildroot-linux-uclibcgnueabi/sysroot/usr/include/freetype2   '
FONTCONFIG_LIBS='-L/buildroot/output/host/bin/../arm-buildroot-linux-uclibcgnueabi/sysroot/usr/lib -lfontconfig -lfreetype  '
FREETYPE_CFLAGS='-I/buildroot/output/host/bin/../arm-buildroot-linux-uclibcgnueabi/sysroot/usr/include/freetype2  '
FREETYPE_LIBS='-L/buildroot/output/host/bin/../arm-buildroot-linux-uclibcgnueabi/sysroot/usr/lib -lfreetype  '
GREP='/bin/grep'
HAVE_CXX11=''
HI3516CV300_CPPFLAGS='-I/buildroot/output/host/arm-buildroot-linux-uclibcgnueabi/sysroot/usr/include/hi3516cv300mpp'
HI3516CV300_LDFLAGS='-L/buildroot/output/host/arm-buildroot-linux-uclibcgnueabi/sysroot/usr/lib     -lmpi -ldnvqe -lhive_RES -lhive_AEC -lupvqe -lhive_ANR -lVoiceEngine     -lisp -l_hiae -l_hiawb -l_hiaf -l_hidefog -lpthread'
HI3516EV200_CPPFLAGS=''
HI3516EV200_LDFLAGS=''
HI3518V100_CPPFLAGS=''
HI3518V100_LDFLAGS=''
HI3518V200_CPPFLAGS=''
HI3518V200_LDFLAGS=''
HI3520DV200_CPPFLAGS=''
HI3520DV200_LDFLAGS=''
HI3520V100_CPPFLAGS=''
HI3520V100_LDFLAGS=''
INSTALL_DATA='${INSTALL} -m 644'
INSTALL_PROGRAM='${INSTALL}'
INSTALL_SCRIPT='${INSTALL}'
INSTALL_STRIP_PROGRAM='$(install_sh) -c -s'
JSONCPP_CFLAGS='-I/buildroot/output/host/bin/../arm-buildroot-linux-uclibcgnueabi/sysroot/usr/include  '
JSONCPP_LIBS='-L/buildroot/output/host/bin/../arm-buildroot-linux-uclibcgnueabi/sysroot/usr/lib -ljsoncpp  '
LD='arm-buildroot-linux-uclibcgnueabi-ld'
LDFLAGS=''
LIBEV_LDFLAGS='-lev'
LIBOBJS=''
LIBS=''
LIBTOOL='$(SHELL) $(top_builddir)/libtool'
LIPO=''
LIVE555_CPPFLAGS='-I/buildroot/output/host/arm-buildroot-linux-uclibcgnueabi/sysroot/usr/include/BasicUsageEnvironment  -I/buildroot/output/host/arm-buildroot-linux-uclibcgnueabi/sysroot/usr/include/UsageEnvironment  -I/buildroot/output/host/arm-buildroot-linux-uclibcgnueabi/sysroot/usr/include/groupsock  -I/buildroot/output/host/arm-buildroot-linux-uclibcgnueabi/sysroot/usr/include/liveMedia'
LIVE555_LDFLAGS='-L/buildroot/output/host/arm-buildroot-linux-uclibcgnueabi/sysroot/usr/lib  -lBasicUsageEnvironment -lUsageEnvironment  -lgroupsock -lliveMedia'
LN_S='ln -s'
LTLIBOBJS=''
MAKEINFO='${SHELL} /tools/live-streamer/missing makeinfo'
MANIFEST_TOOL=':'
MKDIR_P='/bin/mkdir -p'
NM='arm-buildroot-linux-uclibcgnueabi-nm'
NMEDIT=''
OBJDUMP='arm-buildroot-linux-uclibcgnueabi-objdump'
OBJEXT='o'
OTOOL64=''
OTOOL=''
PACKAGE='live-streamer'
PACKAGE_BUGREPORT=''
PACKAGE_NAME='live-streamer'
PACKAGE_STRING='live-streamer 1.9.5'
PACKAGE_TARNAME='live-streamer'
PACKAGE_URL=''
PACKAGE_VERSION='1.9.5'
PATH_SEPARATOR=':'
PKG_CONFIG='pkg-config'
PKG_CONFIG_LIBDIR=''
PKG_CONFIG_PATH=''
RANLIB='arm-buildroot-linux-uclibcgnueabi-ranlib'
SDL_CFLAGS='-I/buildroot/output/host/bin/../arm-buildroot-linux-uclibcgnueabi/sysroot/usr/include/SDL -D_GNU_SOURCE=1 -D_REENTRANT  '
SDL_LIBS='-L/buildroot/output/host/bin/../arm-buildroot-linux-uclibcgnueabi/sysroot/usr/lib -lSDL_ttf -lSDL_image -lSDL  -lpthread  '
SED='/bin/sed'
SET_MAKE=''
SHELL='/bin/bash'
STRIP='arm-buildroot-linux-uclibcgnueabi-strip'
VERSION='1.9.5'
VO_AACENC_CFLAGS='-I/buildroot/output/host/bin/../arm-buildroot-linux-uclibcgnueabi/sysroot/usr/include  '
VO_AACENC_LIBS='-L/buildroot/output/host/bin/../arm-buildroot-linux-uclibcgnueabi/sysroot/usr/lib -lvo-aacenc  '
ac_ct_AR=''
ac_ct_CC=''
ac_ct_CXX=''
ac_ct_DUMPBIN=''
am__EXEEXT_FALSE=''
am__EXEEXT_TRUE='#'
am__fastdepCC_FALSE='#'
am__fastdepCC_TRUE=''
am__fastdepCXX_FALSE='#'
am__fastdepCXX_TRUE=''
am__include='include'
am__isrc=''
am__leading_dot='.'
am__nodep='_no'
am__quote=''
am__tar='$${TAR-tar} chof - "$$tardir"'
am__untar='$${TAR-tar} xf -'
bindir='${exec_prefix}/bin'
build='x86_64-pc-linux-gnu'
build_alias='x86_64-pc-linux-gnu'
build_cpu='x86_64'
build_os='linux-gnu'
build_vendor='pc'
datadir='${datarootdir}'
datarootdir='${prefix}/share'
docdir='${datarootdir}/doc/${PACKAGE_TARNAME}'
dvidir='${docdir}'
exec_prefix='/usr'
host='arm-buildroot-linux-uclibcgnueabi'
host_alias='arm-buildroot-linux-uclibcgnueabi'
host_cpu='arm'
host_os='linux-uclibcgnueabi'
host_vendor='buildroot'
htmldir='${docdir}'
includedir='${prefix}/include'
infodir='${datarootdir}/info'
install_sh='${SHELL} /tools/live-streamer/install-sh'
libdir='${exec_prefix}/lib'
libexecdir='${exec_prefix}/libexec'
localedir='${datarootdir}/locale'
localstatedir='/var'
mandir='${datarootdir}/man'
mkdir_p='$(MKDIR_P)'
oldincludedir='/usr/include'
pdfdir='${docdir}'
prefix='/usr'
program_transform_name='s&^&&'
psdir='${docdir}'
sbindir='${exec_prefix}/sbin'
sharedstatedir='${prefix}/com'
sysconfdir='/etc'
target_alias='arm-buildroot-linux-uclibcgnueabi'

## ----------- ##
## confdefs.h. ##
## ----------- ##

/* confdefs.h */
#define PACKAGE_NAME "live-streamer"
#define PACKAGE_TARNAME "live-streamer"
#define PACKAGE_VERSION "1.9.5"
#define PACKAGE_STRING "live-streamer 1.9.5"
#define PACKAGE_BUGREPORT ""
#define PACKAGE_URL ""
#define PACKAGE "live-streamer"
#define VERSION "1.9.5"
#define STDC_HEADERS 1
#define HAVE_SYS_TYPES_H 1
#define HAVE_SYS_STAT_H 1
#define HAVE_STDLIB_H 1
#define HAVE_STRING_H 1
#define HAVE_MEMORY_H 1
#define HAVE_STRINGS_H 1
#define HAVE_INTTYPES_H 1
#define HAVE_STDINT_H 1
#define HAVE_UNISTD_H 1
#define __EXTENSIONS__ 1
#define _ALL_SOURCE 1
#define _GNU_SOURCE 1
#define _POSIX_PTHREAD_SEMANTICS 1
#define _TANDEM_SOURCE 1
#define HAVE_DLFCN_H 1
#define LT_OBJDIR ".libs/"
#define HAVE_JSONCPP_SUPPORT 1
#define HAVE_VO_AACENC_SUPPORT 1
#define HAVE_HI3516CV300_SUPPORT 1
#define HAVE_EV_H 1

configure: exit 0

## ---------------------- ##
## Running config.status. ##
## ---------------------- ##

This file was extended by live-streamer config.status 1.9.5, which was
generated by GNU Autoconf 2.69.  Invocation command line was

  CONFIG_FILES    = 
  CONFIG_HEADERS  = 
  CONFIG_LINKS    = 
  CONFIG_COMMANDS = 
  $ ./config.status src/platform/hi3516cv300/Makefile depfiles

on 95d0ed9ce158

config.status:1214: creating src/platform/hi3516cv300/Makefile
config.status:1443: executing depfiles commands
